[    0.000000] Linux version 4.15.0-171-generic (buildd@ubuntu) (gcc version 7.5.0 (Ubuntu 7.5.0-3ubuntu1~18.04)) #180-Ubuntu SMP Wed Mar 2 17:25:05 UTC 2022 (Ubuntu 4.15.0-171.180-generic 4.15.18)
[    0.000000] Command line: BOOT_IMAGE=/boot/vmlinuz-4.15.0-171-generic root=LABEL=cloudimg-rootfs ro console=tty1 console=ttyS0
[    0.000000] KERNEL supported cpus:
[    0.000000]   Intel GenuineIntel
[    0.000000]   AMD AuthenticAMD
[    0.000000]   Centaur CentaurHauls
[    0.000000] x86/fpu: x87 FPU will use FXSAVE
[    0.000000] e820: BIOS-provided physical RAM map:
[    0.000000] BIOS-e820: [mem 0x0000000000000000-0x000000000009fbff] usable
[    0.000000] BIOS-e820: [mem 0x000000000009fc00-0x000000000009ffff] reserved
[    0.000000] BIOS-e820: [mem 0x00000000000f0000-0x00000000000fffff] reserved
[    0.000000] BIOS-e820: [mem 0x0000000000100000-0x000000003ffeffff] usable
[    0.000000] BIOS-e820: [mem 0x000000003fff0000-0x000000003fffffff] ACPI data
[    0.000000] BIOS-e820: [mem 0x00000000fec00000-0x00000000fec00fff] reserved
[    0.000000] BIOS-e820: [mem 0x00000000fee00000-0x00000000fee00fff] reserved
[    0.000000] BIOS-e820: [mem 0x00000000fffc0000-0x00000000ffffffff] reserved
[    0.000000] NX (Execute Disable) protection: active
[    0.000000] SMBIOS 2.5 present.
[    0.000000] DMI: innotek GmbH VirtualBox/VirtualBox, BIOS VirtualBox 12/01/2006
[    0.000000] Hypervisor detected: KVM
[    0.000000] e820: last_pfn = 0x3fff0 max_arch_pfn = 0x400000000
[    0.000000] MTRR: Disabled
[    0.000000] x86/PAT: MTRRs disabled, skipping PAT initialization too.
[    0.000000] CPU MTRRs all blank - virtualized system.
[    0.000000] x86/PAT: Configuration [0-7]: WB  WT  UC- UC  WB  WT  UC- UC  
[    0.000000] found SMP MP-table at [mem 0x0009fff0-0x0009ffff]
[    0.000000] Scanning 1 areas for low memory corruption
[    0.000000] RAMDISK: [mem 0x359cb000-0x36cdcfff]
[    0.000000] ACPI: Early table checksum verification disabled
[    0.000000] ACPI: RSDP 0x00000000000E0000 000024 (v02 VBOX  )
[    0.000000] ACPI: XSDT 0x000000003FFF0030 00003C (v01 VBOX   VBOXXSDT 00000001 ASL  00000061)
[    0.000000] ACPI: FACP 0x000000003FFF00F0 0000F4 (v04 VBOX   VBOXFACP 00000001 ASL  00000061)
[    0.000000] ACPI: DSDT 0x000000003FFF0470 002325 (v02 VBOX   VBOXBIOS 00000002 INTL 20100528)
[    0.000000] ACPI: FACS 0x000000003FFF0200 000040
[    0.000000] ACPI: FACS 0x000000003FFF0200 000040
[    0.000000] ACPI: APIC 0x000000003FFF0240 00005C (v02 VBOX   VBOXAPIC 00000001 ASL  00000061)
[    0.000000] ACPI: SSDT 0x000000003FFF02A0 0001CC (v01 VBOX   VBOXCPUT 00000002 INTL 20100528)
[    0.000000] ACPI: Reserving FACP table memory at [mem 0x3fff00f0-0x3fff01e3]
[    0.000000] ACPI: Reserving DSDT table memory at [mem 0x3fff0470-0x3fff2794]
[    0.000000] ACPI: Reserving FACS table memory at [mem 0x3fff0200-0x3fff023f]
[    0.000000] ACPI: Reserving FACS table memory at [mem 0x3fff0200-0x3fff023f]
[    0.000000] ACPI: Reserving APIC table memory at [mem 0x3fff0240-0x3fff029b]
[    0.000000] ACPI: Reserving SSDT table memory at [mem 0x3fff02a0-0x3fff046b]
[    0.000000] No NUMA configuration found
[    0.000000] Faking a node at [mem 0x0000000000000000-0x000000003ffeffff]
[    0.000000] NODE_DATA(0) allocated [mem 0x3ffc5000-0x3ffeffff]
[    0.000000] kvm-clock: cpu 0, msr 0:3ff44001, primary cpu clock
[    0.000000] kvm-clock: Using msrs 4b564d01 and 4b564d00
[    0.000000] kvm-clock: using sched offset of 3733254400 cycles
[    0.000000] clocksource: kvm-clock: mask: 0xffffffffffffffff max_cycles: 0x1cd42e4dffb, max_idle_ns: 881590591483 ns
[    0.000000] Zone ranges:
[    0.000000]   DMA      [mem 0x0000000000001000-0x0000000000ffffff]
[    0.000000]   DMA32    [mem 0x0000000001000000-0x000000003ffeffff]
[    0.000000]   Normal   empty
[    0.000000]   Device   empty
[    0.000000] Movable zone start for each node
[    0.000000] Early memory node ranges
[    0.000000]   node   0: [mem 0x0000000000001000-0x000000000009efff]
[    0.000000]   node   0: [mem 0x0000000000100000-0x000000003ffeffff]
[    0.000000] Reserved but unavailable: 104 pages
[    0.000000] Initmem setup node 0 [mem 0x0000000000001000-0x000000003ffeffff]
[    0.000000] ACPI: PM-Timer IO Port: 0x4008
[    0.000000] IOAPIC[0]: apic_id 2, version 32, address 0xfec00000, GSI 0-23
[    0.000000] ACPI: INT_SRC_OVR (bus 0 bus_irq 0 global_irq 2 dfl dfl)
[    0.000000] ACPI: INT_SRC_OVR (bus 0 bus_irq 9 global_irq 9 low level)
[    0.000000] Using ACPI (MADT) for SMP configuration information
[    0.000000] smpboot: Allowing 2 CPUs, 0 hotplug CPUs
[    0.000000] PM: Registered nosave memory: [mem 0x00000000-0x00000fff]
[    0.000000] PM: Registered nosave memory: [mem 0x0009f000-0x0009ffff]
[    0.000000] PM: Registered nosave memory: [mem 0x000a0000-0x000effff]
[    0.000000] PM: Registered nosave memory: [mem 0x000f0000-0x000fffff]
[    0.000000] e820: [mem 0x40000000-0xfebfffff] available for PCI devices
[    0.000000] Booting paravirtualized kernel on KVM
[    0.000000] clocksource: refined-jiffies: mask: 0xffffffff max_cycles: 0xffffffff, max_idle_ns: 7645519600211568 ns
[    0.000000] random: get_random_bytes called from start_kernel+0x99/0x500 with crng_init=0
[    0.000000] setup_percpu: NR_CPUS:8192 nr_cpumask_bits:2 nr_cpu_ids:2 nr_node_ids:1
[    0.000000] percpu: Embedded 50 pages/cpu s167936 r8192 d28672 u1048576
[    0.000000] PV qspinlock hash table entries: 256 (order: 0, 4096 bytes)
[    0.000000] Built 1 zonelists, mobility grouping on.  Total pages: 257913
[    0.000000] Policy zone: DMA32
[    0.000000] Kernel command line: BOOT_IMAGE=/boot/vmlinuz-4.15.0-171-generic root=LABEL=cloudimg-rootfs ro console=tty1 console=ttyS0
[    0.000000] Memory: 982640K/1048120K available (12300K kernel code, 2483K rwdata, 4324K rodata, 2476K init, 2724K bss, 65480K reserved, 0K cma-reserved)
[    0.000000] SLUB: HWalign=64, Order=0-3, MinObjects=0, CPUs=2, Nodes=1
[    0.000000] ftrace: allocating 39503 entries in 155 pages
[    0.004000] Hierarchical RCU implementation.
[    0.004000] 	RCU restricting CPUs from NR_CPUS=8192 to nr_cpu_ids=2.
[    0.004000] 	Tasks RCU enabled.
[    0.004000] RCU: Adjusting geometry for rcu_fanout_leaf=16, nr_cpu_ids=2
[    0.004000] NR_IRQS: 524544, nr_irqs: 440, preallocated irqs: 16
[    0.004000] Console: colour VGA+ 80x25
[    0.004000] console [tty1] enabled
[    0.004000] console [ttyS0] enabled
[    0.004000] ACPI: Core revision 20170831
[    0.004000] ACPI: 2 ACPI AML tables successfully acquired and loaded
[    0.004000] APIC: Switch to symmetric I/O mode setup
[    0.004000] ..TIMER: vector=0x30 apic1=0 pin1=2 apic2=-1 pin2=-1
[    0.004000] tsc: Detected 2904.010 MHz processor
[    0.004000] Calibrating delay loop (skipped) preset value.. 5808.02 BogoMIPS (lpj=11616040)
[    0.004000] pid_max: default: 32768 minimum: 301
[    0.004000] Security Framework initialized
[    0.004000] Yama: becoming mindful.
[    0.004000] AppArmor: AppArmor initialized
[    0.004000] Dentry cache hash table entries: 131072 (order: 8, 1048576 bytes)
[    0.004000] Inode-cache hash table entries: 65536 (order: 7, 524288 bytes)
[    0.004000] Mount-cache hash table entries: 2048 (order: 2, 16384 bytes)
[    0.004000] Mountpoint-cache hash table entries: 2048 (order: 2, 16384 bytes)
[    0.008749] Last level iTLB entries: 4KB 64, 2MB 8, 4MB 8
[    0.012000] Last level dTLB entries: 4KB 64, 2MB 0, 4MB 0, 1GB 4
[    0.012000] Spectre V1 : Mitigation: usercopy/swapgs barriers and __user pointer sanitization
[    0.012000] Spectre V2 : Mitigation: Enhanced IBRS
[    0.012000] Spectre V2 : Spectre v2 / SpectreRSB mitigation: Filling RSB on context switch
[    0.012000] Speculative Store Bypass: Vulnerable
[    0.012000] Freeing SMP alternatives memory: 36K
[    0.020000] APIC calibration not consistent with PM-Timer: 109ms instead of 100ms
[    0.020000] APIC delta adjusted to PM-Timer: 6447188 (7081310)
[    0.020000] smpboot: CPU0: Intel(R) Core(TM) i5-10400 CPU @ 2.90GHz (family: 0x6, model: 0xa5, stepping: 0x3)
[    0.020000] Performance Events: unsupported p6 CPU model 165 no PMU driver, software events only.
[    0.020000] Hierarchical SRCU implementation.
[    0.020000] NMI watchdog: Perf event create on CPU 0 failed with -2
[    0.020000] NMI watchdog: Perf NMI watchdog permanently disabled
[    0.020000] smp: Bringing up secondary CPUs ...
[    0.020000] x86: Booting SMP configuration:
[    0.020000] .... node  #0, CPUs:      #1
[    0.004000] kvm-clock: cpu 1, msr 0:3ff44041, secondary cpu clock
[    0.032149] smp: Brought up 1 node, 2 CPUs
[    0.035177] smpboot: Max logical packages: 1
[    0.036000] smpboot: Total of 2 processors activated (11616.04 BogoMIPS)
[    0.036199] devtmpfs: initialized
[    0.038568] x86/mm: Memory block size: 128MB
[    0.040000] evm: security.selinux
[    0.040000] evm: security.SMACK64
[    0.040000] evm: security.SMACK64EXEC
[    0.040000] evm: security.SMACK64TRANSMUTE
[    0.040000] evm: security.SMACK64MMAP
[    0.040000] evm: security.apparmor
[    0.040000] evm: security.ima
[    0.040000] evm: security.capability
[    0.040382] clocksource: jiffies: mask: 0xffffffff max_cycles: 0xffffffff, max_idle_ns: 7645041785100000 ns
[    0.044000] futex hash table entries: 512 (order: 3, 32768 bytes)
[    0.044000] pinctrl core: initialized pinctrl subsystem
[    0.044000] RTC time:  0:48:22, date: 03/27/22
[    0.044000] NET: Registered protocol family 16
[    0.044000] audit: initializing netlink subsys (disabled)
[    0.044000] audit: type=2000 audit(1648342106.859:1): state=initialized audit_enabled=0 res=1
[    0.052086] cpuidle: using governor ladder
[    0.055241] cpuidle: using governor menu
[    0.056000] ACPI: bus type PCI registered
[    0.056000] acpiphp: ACPI Hot Plug PCI Controller Driver version: 0.5
[    0.056000] PCI: Using configuration type 1 for base access
[    0.060337] HugeTLB registered 2.00 MiB page size, pre-allocated 0 pages
[    0.064340] ACPI: Added _OSI(Module Device)
[    0.067045] ACPI: Added _OSI(Processor Device)
[    0.068000] ACPI: Added _OSI(3.0 _SCP Extensions)
[    0.068000] ACPI: Added _OSI(Processor Aggregator Device)
[    0.068000] ACPI: Added _OSI(Linux-Dell-Video)
[    0.068000] ACPI: Added _OSI(Linux-Lenovo-NV-HDMI-Audio)
[    0.068000] ACPI: Added _OSI(Linux-HPI-Hybrid-Graphics)
[    0.068597] ACPI: Executed 1 blocks of module-level executable AML code
[    0.077720] ACPI: Interpreter enabled
[    0.080000] ACPI: (supports S0 S5)
[    0.080000] ACPI: Using IOAPIC for interrupt routing
[    0.080304] PCI: Using host bridge windows from ACPI; if necessary, use "pci=nocrs" and report a bug
[    0.084000] ACPI: Enabled 2 GPEs in block 00 to 07
[    0.094810] ACPI: PCI Root Bridge [PCI0] (domain 0000 [bus 00-ff])
[    0.096000] acpi PNP0A03:00: _OSC: OS supports [ASPM ClockPM Segments MSI]
[    0.096622] acpi PNP0A03:00: _OSC: not requesting OS control; OS requires [ExtendedConfig ASPM ClockPM MSI]
[    0.100000] acpi PNP0A03:00: fail to add MMCONFIG information, can't access extended PCI configuration space under this bridge.
[    0.100649] PCI host bridge to bus 0000:00
[    0.104000] pci_bus 0000:00: root bus resource [io  0x0000-0x0cf7 window]
[    0.104000] pci_bus 0000:00: root bus resource [io  0x0d00-0xffff window]
[    0.104000] pci_bus 0000:00: root bus resource [mem 0x000a0000-0x000bffff window]
[    0.104000] pci_bus 0000:00: root bus resource [mem 0x40000000-0xfdffffff window]
[    0.104000] pci_bus 0000:00: root bus resource [bus 00-ff]
[    0.111724] pci 0000:00:01.1: legacy IDE quirk: reg 0x10: [io  0x01f0-0x01f7]
[    0.112000] pci 0000:00:01.1: legacy IDE quirk: reg 0x14: [io  0x03f6]
[    0.112000] pci 0000:00:01.1: legacy IDE quirk: reg 0x18: [io  0x0170-0x0177]
[    0.112000] pci 0000:00:01.1: legacy IDE quirk: reg 0x1c: [io  0x0376]
[    0.129851] pci 0000:00:07.0: quirk: [io  0x4000-0x403f] claimed by PIIX4 ACPI
[    0.132000] pci 0000:00:07.0: quirk: [io  0x4100-0x410f] claimed by PIIX4 SMB
[    0.141153] ACPI: PCI Interrupt Link [LNKA] (IRQs 5 9 10 *11)
[    0.144416] ACPI: PCI Interrupt Link [LNKB] (IRQs 5 9 *10 11)
[    0.148000] ACPI: PCI Interrupt Link [LNKC] (IRQs 5 *9 10 11)
[    0.148000] ACPI: PCI Interrupt Link [LNKD] (IRQs 5 9 10 *11)
[    0.148000] SCSI subsystem initialized
[    0.148226] pci 0000:00:02.0: vgaarb: setting as boot VGA device
[    0.152000] pci 0000:00:02.0: vgaarb: VGA device added: decodes=io+mem,owns=io+mem,locks=none
[    0.152000] pci 0000:00:02.0: vgaarb: bridge control possible
[    0.152000] vgaarb: loaded
[    0.152000] ACPI: bus type USB registered
[    0.152000] usbcore: registered new interface driver usbfs
[    0.152000] usbcore: registered new interface driver hub
[    0.152000] usbcore: registered new device driver usb
[    0.152241] EDAC MC: Ver: 3.0.0
[    0.156470] PCI: Using ACPI for IRQ routing
[    0.159717] NetLabel: Initializing
[    0.160000] NetLabel:  domain hash size = 128
[    0.160000] NetLabel:  protocols = UNLABELED CIPSOv4 CALIPSO
[    0.160000] NetLabel:  unlabeled traffic allowed by default
[    0.160338] clocksource: Switched to clocksource kvm-clock
[    0.164000] VFS: Disk quotas dquot_6.6.0
[    0.164000] VFS: Dquot-cache hash table entries: 512 (order 0, 4096 bytes)
[    0.164000] AppArmor: AppArmor Filesystem Enabled
[    0.164000] pnp: PnP ACPI init
[    0.214177] pnp: PnP ACPI: found 3 devices
[    0.251746] clocksource: acpi_pm: mask: 0xffffff max_cycles: 0xffffff, max_idle_ns: 2085701024 ns
[    0.252507] NET: Registered protocol family 2
[    0.252507] IP idents hash table entries: 16384 (order: 5, 131072 bytes)
[    0.252507] TCP established hash table entries: 8192 (order: 4, 65536 bytes)
[    0.266960] TCP bind hash table entries: 8192 (order: 5, 131072 bytes)
[    0.266960] TCP: Hash tables configured (established 8192 bind 8192)
[    0.266960] UDP hash table entries: 512 (order: 2, 16384 bytes)
[    0.266960] UDP-Lite hash table entries: 512 (order: 2, 16384 bytes)
[    0.266960] NET: Registered protocol family 1
[    0.266960] pci 0000:00:00.0: Limiting direct PCI/PCI transfers
[    0.266960] pci 0000:00:01.0: Activating ISA DMA hang workarounds
[    0.266960] pci 0000:00:02.0: Video device with shadowed ROM at [mem 0x000c0000-0x000dffff]
[    0.266960] Unpacking initramfs...
[    0.267047] Freeing initrd memory: 19528K
[    0.267047] clocksource: tsc: mask: 0xffffffffffffffff max_cycles: 0x29dc0f4e9d8, max_idle_ns: 440795260823 ns
[    0.267047] platform rtc_cmos: registered platform RTC device (no PNP device found)
[    0.267047] Scanning for low memory corruption every 60 seconds
[    0.716066] Initialise system trusted keyrings
[    0.719179] Key type blacklist registered
[    0.722316] workingset: timestamp_bits=36 max_order=18 bucket_order=0
[    0.726149] zbud: loaded
[    0.726149] squashfs: version 4.0 (2009/01/31) Phillip Lougher
[    0.734813] fuse init (API version 7.26)
[    0.750899] Key type asymmetric registered
[    0.753909] Asymmetric key parser 'x509' registered
[    0.754894] Block layer SCSI generic (bsg) driver version 0.4 loaded (major 246)
[    0.762884] io scheduler noop registered
[    0.766266] io scheduler deadline registered
[    0.766681] io scheduler cfq registered (default)
[    0.773187] ACPI: AC Adapter [AC] (on-line)
[    0.776044] input: Power Button as /devices/LNXSYSTM:00/LNXPWRBN:00/input/input0
[    0.781409] ACPI: Power Button [PWRF]
[    0.784452] input: Sleep Button as /devices/LNXSYSTM:00/LNXSLPBN:00/input/input1
[    0.785405] ACPI: Sleep Button [SLPF]
[    0.794834] Serial: 8250/16550 driver, 32 ports, IRQ sharing enabled
[    0.824909] 00:02: ttyS0 at I/O 0x3f8 (irq = 4, base_baud = 115200) is a 16550A
[    0.832396] Linux agpgart interface v0.103
[    0.838546] loop: module loaded
[    0.842908] scsi host0: ata_piix
[    0.846495] scsi host1: ata_piix
[    0.849089] ata1: PATA max UDMA/33 cmd 0x1f0 ctl 0x3f6 bmdma 0xd000 irq 14
[    0.850489] ata2: PATA max UDMA/33 cmd 0x170 ctl 0x376 bmdma 0xd008 irq 15
[    0.856277] libphy: Fixed MDIO Bus: probed
[    0.861618] tun: Universal TUN/TAP device driver, 1.6
[    0.861618] PPP generic driver version 2.4.2
[    0.861618] ehci_hcd: USB 2.0 'Enhanced' Host Controller (EHCI) Driver
[    0.861618] ehci-pci: EHCI PCI platform driver
[    0.861618] ehci-platform: EHCI generic platform driver
[    0.861618] ohci_hcd: USB 1.1 'Open' Host Controller (OHCI) Driver
[    0.861618] ohci-pci: OHCI PCI platform driver
[    0.861618] ohci-platform: OHCI generic platform driver
[    0.861618] uhci_hcd: USB Universal Host Controller Interface driver
[    0.861618] i8042: PNP: PS/2 Controller [PNP0303:PS2K,PNP0f03:PS2M] at 0x60,0x64 irq 1,12
[    0.907307] serio: i8042 KBD port at 0x60,0x64 irq 1
[    0.909916] serio: i8042 AUX port at 0x60,0x64 irq 12
[    0.909916] mousedev: PS/2 mouse device common for all mice
[    0.920118] rtc_cmos rtc_cmos: rtc core: registered rtc_cmos as rtc0
[    0.923311] rtc_cmos rtc_cmos: alarms up to one day, 114 bytes nvram
[    0.923311] i2c /dev entries driver
[    0.923311] device-mapper: uevent: version 1.0.3
[    0.923311] device-mapper: ioctl: 4.37.0-ioctl (2017-09-20) initialised: dm-devel@redhat.com
[    0.944019] ledtrig-cpu: registered to indicate activity on CPUs
[    0.950472] NET: Registered protocol family 10
[    0.956520] input: AT Translated Set 2 keyboard as /devices/platform/i8042/serio0/input/input2
[    0.967135] Segment Routing with IPv6
[    0.969929] NET: Registered protocol family 17
[    0.973559] Key type dns_resolver registered
[    0.977924] mce: Using 0 MCE banks
[    0.980987] RAS: Correctable Errors collector initialized.
[    0.981743] sched_clock: Marking stable (977743209, 0)->(1919278942, -941535733)
[    0.993602] registered taskstats version 1
[    0.996956] Loading compiled-in X.509 certificates
[    1.004865] Loaded X.509 cert 'Build time autogenerated kernel key: af32452646252a8bcb28446c2c4754d4174d97ad'
[    1.012251] Loaded X.509 cert 'Canonical Ltd. Live Patch Signing: 14df34d1a87cf37625abec039ef2bf521249b969'
[    1.020151] Loaded X.509 cert 'Canonical Ltd. Kernel Module Signing: 88f752e560a1e0737e31163a466ad7b70a850c19'
[    1.027294] blacklist: Loading compiled-in revocation X.509 certificates
[    1.033370] Loaded X.509 cert 'Canonical Ltd. Secure Boot Signing: 61482aa2830d0ab2ad5af10b7250da9033ddcef0'
[    1.042360] zswap: loaded using pool lzo/zbud
[    1.069650] Key type big_key registered
[    1.072696] Key type trusted registered
[    1.078915] Key type encrypted registered
[    1.082338] AppArmor: AppArmor sha1 policy hashing enabled
[    1.087243] ima: No TPM chip found, activating TPM-bypass! (rc=-19)
[    1.091777] ima: Allocated hash algorithm: sha1
[    1.095109] evm: HMAC attrs: 0x1
[    1.098461]   Magic number: 14:793:810
[    1.102315] rtc_cmos rtc_cmos: setting system clock to 2022-03-27 00:48:23 UTC (1648342103)
[    1.108822] BIOS EDD facility v0.16 2004-Jun-25, 0 devices found
[    1.112951] EDD information not available.
[    1.119518] Freeing unused kernel image memory: 2476K
[    1.133099] Write protecting the kernel read-only data: 20480k
[    1.138091] Freeing unused kernel image memory: 2008K
[    1.141958] Freeing unused kernel image memory: 1820K
[    1.151904] x86/mm: Checked W+X mappings: passed, no W+X pages found.
Loading, please wait...
starting version 237
[    1.243539] Fusion MPT base driver 3.04.20
[    1.246980] Copyright (c) 1999-2008 LSI Corporation
[    1.254959] e1000: Intel(R) PRO/1000 Network Driver - version 7.3.21-k8-NAPI
[    1.259709] e1000: Copyright (c) 1999-2006 Intel Corporation.
[    1.310083] Fusion MPT SPI Host driver 3.04.20
[    1.535735] input: ImExPS/2 Generic Explorer Mouse as /devices/platform/i8042/serio1/input/input4
[    1.886220] e1000 0000:00:03.0 eth0: (PCI:33MHz:32-bit) 02:c8:d3:21:ca:c6
[    1.890636] e1000 0000:00:03.0 eth0: Intel(R) PRO/1000 Network Connection
[    1.897287] mptbase: ioc0: Initiating bringup
[    1.901395] e1000 0000:00:03.0 enp0s3: renamed from eth0
[    2.022951] ioc0: LSI53C1030 A0: Capabilities={Initiator}
[    3.904187] scsi host2: ioc0: LSI53C1030 A0, FwRev=00000000h, Ports=1, MaxQ=256, IRQ=20
[    4.166450] scsi 2:0:0:0: Direct-Access     VBOX     HARDDISK         1.0  PQ: 0 ANSI: 5
[    4.423555] scsi target2:0:0: Beginning Domain Validation
[    4.433966] scsi target2:0:0: Domain Validation skipping write tests
[    4.438632] scsi target2:0:0: Ending Domain Validation
[    4.442411] scsi target2:0:0: asynchronous
[    4.447099] scsi 2:0:1:0: Direct-Access     VBOX     HARDDISK         1.0  PQ: 0 ANSI: 5
[    5.344981] scsi target2:0:1: Beginning Domain Validation
[    5.354372] scsi target2:0:1: Domain Validation skipping write tests
[    5.358973] scsi target2:0:1: Ending Domain Validation
[    5.363381] scsi target2:0:1: asynchronous
[    5.373665] random: fast init done
[    5.378297] random: systemd-udevd: uninitialized urandom read (16 bytes read)
[    5.383901] random: systemd-udevd: uninitialized urandom read (16 bytes read)
[    5.389089] random: systemd-udevd: uninitialized urandom read (16 bytes read)
[    5.394516] sd 2:0:0:0: Attached scsi generic sg0 type 0
[    5.400093] sd 2:0:1:0: Attached scsi generic sg1 type 0
[    5.405075] sd 2:0:1:0: [sdb] 20480 512-byte logical blocks: (10.5 MB/10.0 MiB)
[    5.405101] sd 2:0:0:0: [sda] 83886080 512-byte logical blocks: (42.9 GB/40.0 GiB)
[    5.410371] sd 2:0:1:0: [sdb] Write Protect is off
[    5.419854] sd 2:0:0:0: [sda] Write Protect is off
[    5.420060] sd 2:0:1:0: [sdb] Incomplete mode parameter data
[    5.427301] sd 2:0:1:0: [sdb] Assuming drive cache: write through
[    5.432774] sd 2:0:0:0: [sda] Incomplete mode parameter data
[    5.437440] sd 2:0:0:0: [sda] Assuming drive cache: write through
[    5.446058]  sda: sda1
[    5.448370] sd 2:0:1:0: [sdb] Attached SCSI disk
[    5.455050] sd 2:0:0:0: [sda] Attached SCSI disk
Begin: Loading essential drivers ... [    8.361856] raid6: sse2x1   gen() 283320 MB/s
[   10.356264] raid6: sse2x1   xor() 188029 MB/s
[   12.358929] raid6: sse2x2   gen() 395729 MB/s
[   12.410060] raid6: sse2x2   xor() 10399 MB/s
[   12.462009] raid6: sse2x4   gen() 15901 MB/s
[   12.516126] raid6: sse2x4   xor()  9911 MB/s
[   12.519576] raid6: using algorithm sse2x2 gen() 395729 MB/s
[   12.523845] raid6: .... xor() 10399 MB/s, rmw enabled
[   12.528479] raid6: using ssse3x2 recovery algorithm
[   12.534224] xor: measuring software checksum speed
[   13.392892]    prefetch64-sse: 21695.000 MB/sec
[   13.432958]    generic_sse: 25230.000 MB/sec
[   13.436199] xor: using function: generic_sse (25230.000 MB/sec)
[   13.442718] async_tx: api initialized (async)
done.
Begin: Running /scripts/init-premount ... done.
Begin: Mounting root file system ... Begin: Running /scripts/local-top ... done.
Begin: Running /scripts/local-premount ... [   13.501698] Btrfs loaded, crc32c=crc32c-intel
Scanning for Btrfs filesystems
done.
Warning: fsck not present, so skipping root file system
[   13.545300] EXT4-fs (sda1): mounted filesystem with ordered data mode. Opts: (null)
done.
Begin: Running /scripts/local-bottom ... done.
Begin: Running /scripts/init-bottom ... done.
[   13.737126] ip_tables: (C) 2000-2006 Netfilter Core Team
[   13.750113] systemd[1]: systemd 237 running in system mode. (+PAM +AUDIT +SELINUX +IMA +APPARMOR +SMACK +SYSVINIT +UTMP +LIBCRYPTSETUP +GCRYPT +GNUTLS +ACL +XZ +LZ4 +SECCOMP +BLKID +ELFUTILS +KMOD -IDN2 +IDN -PCRE2 default-hierarchy=hybrid)
[   13.764250] systemd[1]: Detected virtualization oracle.
[   13.767989] systemd[1]: Detected architecture x86-64.

Welcome to [1mUbuntu 18.04.6 LTS[0m!

[   13.794903] systemd[1]: Set hostname to <ubuntu>.
[   13.805316] systemd[1]: Initializing machine ID from random generator.
[   13.810004] systemd[1]: Installed transient /etc/machine-id file.
[   14.102318] systemd[1]: Set up automount Arbitrary Executable File Formats File System Automount Point.
[[0;32m  OK  [0m] Set up automount Arbitrary Executab…rmats File System Automount Point.
[   14.119717] systemd[1]: Created slice System Slice.
[[0;32m  OK  [0m] Created slice System Slice.
[   14.124693] systemd[1]: Listening on fsck to fsckd communication Socket.
[[0;32m  OK  [0m] Listening on fsck to fsckd communication Socket.
[   14.131031] systemd[1]: Listening on Journal Socket.
[[0;32m  OK  [0m] Listening on Journal Socket.
         Mounting POSIX Message Queue File System...
[[0;32m  OK  [0m] Listening on udev Kernel Socket.
         Starting Create list of required st…ce nodes for the current kernel...
[[0;32m  OK  [0m] Listening on /dev/initctl Compatibility Named Pipe.
         Mounting Huge Pages File System...
         Starting Load Kernel Modules...
[[0;32m  OK  [0m] Listening on udev Control Socket.
         Starting udev Coldplug all Devices...
[[0;32m  OK  [0m] Listening on LVM2 metadata daemon socket.
[[0;32m  OK  [0m] Reached target User and Group Name Lookups.
         Starting Uncomplicated firewall...
[[0;32m  OK  [0m] Listening on Syslog Socket.
[[0;32m  OK  [0m] Created slice system-serial\x2dgetty.slice.
[[0;32m  OK  [0m] Listening on LVM2 poll daemon socket.
[[0;32m  OK  [0m] Listening on Journal Audit Socket.
[[0;32m  OK  [0m] Started Forward Password Requests to Wall Directory Watch.
         Starting Set the console keyboard layout...
[[0;32m  OK  [0m] Reached target Swap.
[[0;32m  OK  [0m] Created slice User and Session Slice.
[[0;32m  OK  [0m] Reached target Slices.
[   14.177259] Loading iSCSI transport class v2.0-870.
         Starting File System Check on Root Device...
[[0;32m  OK  [0m] Reached target System Time Synchronized.
         Mounting Kernel Debug File System...
[[0;32m  OK  [0m] Listening on Network Service Netlink Socket.
[[0;32m  OK  [0m] Listening on Journal Socket (/dev/log).
         Starting Journal Service...
[[0;32m  OK  [0m] Listening on Device-mapper event daemon FIFOs.
         Starting Monitoring of LVM2 mirrors…ng dmeventd or progress polling...
[[0;32m  OK  [0m] Mounted POSIX Message Queue File System.
[[0;32m  OK  [0m] Started Create list of required sta…vice nodes for the current kernel.
[[0;32m  OK  [0m] Mounted Huge Pages File System.
[[0;32m  OK  [0m] Started Uncomplicated firewall.
[[0;32m  OK  [0m] Mounted Kernel Debug File System.
[[0;32m  OK  [0m] Started File System Check Daemon to report status.
         Starting Create Static Device Nodes in /dev...
[[0;32m  OK  [0m] Started LVM2 metadata daemon.
[   14.339079] iscsi: registered transport (tcp)
[[0;32m  OK  [0m] Started udev Coldplug all Devices.
[   14.370368] iscsi: registered transport (iser)
[[0;32m  OK  [0m] Started Load Kernel Modules.
         Starting Apply Kernel Variables...
         Mounting FUSE Control File System...
         Mounting Kernel Configuration File System...
[[0;32m  OK  [0m] Mounted Kernel Configuration File System.
[[0;32m  OK  [0m] Mounted FUSE Control File System.
[[0;32m  OK  [0m] Started Create Static Device Nodes in /dev.
[[0;32m  OK  [0m] Started File System Check on Root Device.
         Starting Remount Root and Kernel File Systems...
[[0;32m  OK  [0m] Started Journal Service.
[[0;32m  OK  [0m] Started Apply Kernel Variables.
[[0;32m  OK  [0m] Started Remount Root and Kernel File Systems.
         Starting Flush Journal to Persistent Storage...
         Starting Load/Save Random Seed...
         Starting udev Kernel Device Manager...
[[0;32m  OK  [0m] Started Load/Save Random Seed.
[[0;32m  OK  [0m] Started Monitoring of LVM2 mirrors,…sing dmeventd or progress polling.
[[0;32m  OK  [0m] Started udev Kernel Device Manager.
[[0;32m  OK  [0m] Started Flush Journal to Persistent Storage.
[[0;32m  OK  [0m] Found device /dev/ttyS0.
[[0;32m  OK  [0m] Listening on Load/Save RF Kill Switch Status /dev/rfkill Watch.
[[0;32m  OK  [0m] Started Set the console keyboard layout.
[[0;32m  OK  [0m] Reached target Local File Systems (Pre).
[[0;32m  OK  [0m] Reached target Local File Systems.
         Starting Commit a transient machine-id on disk...
         Starting Create Volatile Files and Directories...
         Starting AppArmor initialization...
         Starting Set console font and keymap...
         Starting Tell Plymouth To Write Out Runtime Data...
         Starting ebtables ruleset management...
[[0;32m  OK  [0m] Started Dispatch Password Requests to Console Directory Watch.
[[0;32m  OK  [0m] Reached target Local Encrypted Volumes.
[[0;32m  OK  [0m] Started Create Volatile Files and Directories.
         Starting Update UTMP about System Boot/Shutdown...
[[0;32m  OK  [0m] Started Set console font and keymap.
[[0;32m  OK  [0m] Started Tell Plymouth To Write Out Runtime Data.
[[0;32m  OK  [0m] Started Update UTMP about System Boot/Shutdown.
[[0;32m  OK  [0m] Started Commit a transient machine-id on disk.
[[0;32m  OK  [0m] Started ebtables ruleset management.
[[0;32m  OK  [0m] Started AppArmor initialization.
         Starting Load AppArmor profiles managed internally by snapd...
         Starting Initial cloud-init job (pre-networking)...
[[0;32m  OK  [0m] Started Load AppArmor profiles managed internally by snapd.
[   17.745159] cloud-init[567]: Cloud-init v. 21.4-0ubuntu1~18.04.1 running 'init-local' at Sun, 27 Mar 2022 00:48:39 +0000. Up 17.43 seconds.
[[0;32m  OK  [0m] Started Initial cloud-init job (pre-networking).
[[0;32m  OK  [0m] Reached target Network (Pre).
         Starting Network Service...
[[0;32m  OK  [0m] Started Network Service.
         Starting Network Name Resolution...
         Starting Wait for Network to be Configured...
[[0;32m  OK  [0m] Started Network Name Resolution.
[[0;32m  OK  [0m] Reached target Network.
[[0;32m  OK  [0m] Reached target Host and Network Name Lookups.
[[0;32m  OK  [0m] Started Wait for Network to be Configured.
         Starting Initial cloud-init job (metadata service crawler)...
[   20.288220] cloud-init[712]: Cloud-init v. 21.4-0ubuntu1~18.04.1 running 'init' at Sun, 27 Mar 2022 00:48:42 +0000. Up 20.19 seconds.
[   20.292223] cloud-init[712]: ci-info: ++++++++++++++++++++++++++++++++++++++Net device info++++++++++++++++++++++++++++++++++++++
[   20.295207] cloud-init[712]: ci-info: +--------+------+----------------------------+---------------+--------+-------------------+
[   20.298480] cloud-init[712]: ci-info: | Device |  Up  |          Address           |      Mask     | Scope  |     Hw-Address    |
[   20.301292] cloud-init[712]: ci-info: +--------+------+----------------------------+---------------+--------+-------------------+
[   20.304696] cloud-init[712]: ci-info: | enp0s3 | True |         10.0.2.15          | 255.255.255.0 | global | 02:c8:d3:21:ca:c6 |
[   20.307944] cloud-init[712]: ci-info: | enp0s3 | True | fe80::c8:d3ff:fe21:cac6/64 |       .       |  link  | 02:c8:d3:21:ca:c6 |
[   20.310848] cloud-init[712]: ci-info: |   lo   | True |         127.0.0.1          |   255.0.0.0   |  host  |         .         |
[   20.314018] cloud-init[712]: ci-info: |   lo   | True |          ::1/128           |       .       |  host  |         .         |
[   20.317330] cloud-init[712]: ci-info: +--------+------+----------------------------+---------------+--------+-------------------+
[   20.320268] cloud-init[712]: ci-info: ++++++++++++++++++++++++++++Route IPv4 info+++++++++++++++++++++++++++++
[   20.323669] cloud-init[712]: ci-info: +-------+-------------+----------+-----------------+-----------+-------+
[   20.326973] cloud-init[712]: ci-info: | Route | Destination | Gateway  |     Genmask     | Interface | Flags |
[   20.329931] cloud-init[712]: ci-info: +-------+-------------+----------+-----------------+-----------+-------+
[   20.333118] cloud-init[712]: ci-info: |   0   |   0.0.0.0   | 10.0.2.2 |     0.0.0.0     |   enp0s3  |   UG  |
[   20.336904] cloud-init[712]: ci-info: |   1   |   10.0.2.0  | 0.0.0.0  |  255.255.255.0  |   enp0s3  |   U   |
[   20.340209] cloud-init[712]: ci-info: |   2   |   10.0.2.2  | 0.0.0.0  | 255.255.255.255 |   enp0s3  |   UH  |
[   20.342959] cloud-init[712]: ci-info: +-------+-------------+----------+-----------------+-----------+-------+
[   20.345702] cloud-init[712]: ci-info: +++++++++++++++++++Route IPv6 info+++++++++++++++++++
[   20.348196] cloud-init[712]: ci-info: +-------+-------------+---------+-----------+-------+
[   20.350970] cloud-init[712]: ci-info: | Route | Destination | Gateway | Interface | Flags |
[   20.353584] cloud-init[712]: ci-info: +-------+-------------+---------+-----------+-------+
[   20.356126] cloud-init[712]: ci-info: |   1   |  fe80::/64  |    ::   |   enp0s3  |   U   |
[   20.361893] cloud-init[712]: ci-info: |   3   |    local    |    ::   |   enp0s3  |   U   |
[   20.364223] cloud-init[712]: ci-info: |   4   |   ff00::/8  |    ::   |   enp0s3  |   U   |
[   20.366354] cloud-init[712]: ci-info: +-------+-------------+---------+-----------+-------+
[   21.171670] cloud-init[712]: Generating public/private rsa key pair.
[   21.173777] cloud-init[712]: Your identification has been saved in /etc/ssh/ssh_host_rsa_key.
[   21.175807] cloud-init[712]: Your public key has been saved in /etc/ssh/ssh_host_rsa_key.pub.
[   21.177950] cloud-init[712]: The key fingerprint is:
[   21.179302] cloud-init[712]: SHA256:qheKIEs9RtYjHYWmAQX+/PipzCfA1VmBxLfbz/aQxGs root@ubuntu-bionic
[   21.181543] cloud-init[712]: The key's randomart image is:
[   21.182975] cloud-init[712]: +---[RSA 2048]----+
[   21.184152] cloud-init[712]: | o+.o.+o.        |
[   21.185480] cloud-init[712]: |.  . * o         |
[   21.186661] cloud-init[712]: | .  B = .        |
[   21.187846] cloud-init[712]: |  o* * .  .      |
[   21.189047] cloud-init[712]: |. =o. . S  o     |
[   21.190329] cloud-init[712]: |o+ +o .o .. o    |
[   21.191510] cloud-init[712]: |oooo.o..  oE     |
[   21.192705] cloud-init[712]: |. +.ooo   .+.    |
[   21.193978] cloud-init[712]: |   +=+    . ..   |
[   21.195170] cloud-init[712]: +----[SHA256]-----+
[   21.196520] cloud-init[712]: Generating public/private dsa key pair.
[   21.198156] cloud-init[712]: Your identification has been saved in /etc/ssh/ssh_host_dsa_key.
[   21.200134] cloud-init[712]: Your public key has been saved in /etc/ssh/ssh_host_dsa_key.pub.
[   21.202402] [cloud-init[0;32m  OK  [0m[712]: ] The key fingerprint is:Started Initial cloud-init job (metadata service crawler).

[   21.205236] cloud-init[712]: SHA256:5cqFpMQWmktHLcbEw/0AI5rImvCfQcDzkwaXr31emJU root@ubuntu-bionic
[[0;32m  OK  [0m] Reached target Network is Online.
[   21.205310] cloud-init[712]: The key's randomart image is:
[   21.210285] cloud-init[712]: +---[DSA 1024]----+
         Starting Availability of block devices...
[[0;32m  OK  [0m] Reached target Remote File Systems (Pre).
[[0;32m  OK  [0m] Reached target Remote File Systems.
[[0;32m  OK  [0m] Reached target Cloud-config availability.
[[0;32m  OK  [0m] Reached target System Initialization.
[[0;32m  OK  [0m] Listening on Open-iSCSI iscsid Socket.
[   21.221716] cloud-init[712]: | .. .**+         |
[   21.233531] cloud-init[712]: |..++o*Bo+        |
[   21.249273]          cloud-initStarting Socket activation for snappy daemon.[712]: 
|o.o==+=o.o..     |
[   21.251527] cloud-init[712]: |oo o==.o +E      |
[   21.252773] cloud-init[712]: |o ..o+. S+o      |
[   21.254075] cloud-init[712]: |   ..o..+o.      |
[[0;32m  OK  [0m] Started Trigger to poll for Ubuntu …(Only enabled on GCP LTS non-pro).
[   21.254141] cloud-init[712]: |    o  oo.       |
[   21.258787] cloud-init[712]: |        .        |
[   21.259997] cloud-init[712]: |                 |
[   21.261229] cloud-init[712]: +----[SHA256]-----+
[   21.262524] cloud-init[712]: Generating public/private ecdsa key pair.
[   21.264093] cloud-init[712]: Your identification has been saved in /etc/ssh/ssh_host_ecdsa_key.
[   21.266319] cloud-init[712]: Your public key has been saved in /etc/ssh/ssh_host_ecdsa_key.pub.
[   21.268365] [cloud-init[0;32m  OK  [0m[712]: ] The key fingerprint is:
Listening on D-Bus System Message Bus Socket.
[   21.268465] cloud-init[712]: SHA256:Kyl4F/VtbvrLXVb0yABk+MFvxuINhqD0aQEDA8IGxyU root@ubuntu-bionic
[   21.273350] cloud-init[712]: The key's randomart image is:
         Starting LXD - unix socket.
[[0;32m  OK  [0m] Started Daily apt download activities.
[[   21.284224] [0;32m  OK  [0mcloud-init] [712]: Started Daily apt upgrade and clean activities.+---[ECDSA 256]---+

[   21.289259] [cloud-init[0;32m  OK  [0m[712]: ] |*oEo+.   ++      |Started ACPI Events Check.

[   21.291432] cloud-init[712]: |.+.o..o ..o.     |
[   21.292663] cloud-init[712]: |.  . o +.o +.   .|
[   21.293970] cloud-init[712]: |    . +...=.=o o.|
[   21.295173] cloud-init[712]: |     .. So.*o o o|
[   21.296557] cloud-init[712]: |   .   o ..o.   .|
[[0;32m  OK  [0m] Reached target Paths.
[[0;32m  OK  [0m] Started Message of the Day.
[[0;32m  OK  [0m] Started Daily Cleanup of Temporary Directories.
[[0;32m  OK  [0m] Started Ubuntu Advantage Timer for running repeated jobs.
[   21.296621] cloud-init[712]: |  . o + .   o   o|
[   21.304341] cloud-init[712]: |   . o .   + . o |
[[0;32m  OK  [0m] Listening on UUID daemon activation socket.
[[0;32m  OK  [0m] Listening on ACPID Listen Socket.
[[0;32m  OK  [0m] Listening on cloud-init hotplug hook socket.
[   21.304410] cloud-init[712]: |          ..+..  |
[[0;32m  OK  [0m] Started Discard unused blocks once a week.
[[0;32m  OK  [0m] Reached target Timers.
[   21.310112] cloud-init[712]: +----[SHA256]-----+
[   21.315023] cloud-init[712]: Generating public/private ed25519 key pair.
[   21.316903] cloud-init[712]: Your identification has been saved in /etc/ssh/ssh_host_ed25519_key.
[   21.319044] cloud-init[712]: Your public key has been saved in /etc/ssh/ssh_host_ed25519_key.pub.
[   21.321192] cloud-init[712]: The key fingerprint is:
[[0;32m  OK  [0m] Started Availability of block devices.
[   21.321268] cloud-init[712]: SHA256:w6hnfNjTXLupVAHl1upgpNCNpUCZySB/joeyStU+3ss root@ubuntu-bionic
[   21.325980] cloud-init[712]: The key's randomart image is:
[   21.327489] cloud-init[712]: +--[ED25519 256]--+
[   21.328742] cloud-init[712]: |  . .+o+  o..    |
[   21.330036] cloud-init[712]: |   o  =o = o .   |
[   21.331227] cloud-init[712]: |    . o + o + .  |
[   21.332443] cloud-init[712]: |    .= + o . o   |
[   21.333739] cloud-init[712]: |  ..o.+ S o +    |
[   21.334933] cloud-init[712]: |  .o.+ o = = .   |
[   21.336122] cloud-init[712]: | .. .o= + + o    |
[[0;32m  OK  [0m] Listening on Socket activation for snappy daemon.
[[0;32m  OK  [0m] Listening on LXD - unix socket.
[   21.336362] cloud-init[712]: |..  .o+. o   o   |[
[0;32m  OK  [0m] Reached target Sockets.
[[0;32m  OK  [0m] Reached target Basic System.
         Starting LXD - container startup/shutdown...
         Starting Virtualbox guest utils...
         Starting LSB: automatic crash report generation...
[[0;32m  OK  [0m] Started irqbalance daemon.
[[0;32m  OK  [0m] Started FUSE filesystem for LXC.
         Starting LSB: Record successful boot for GRUB...
[   21.340593] cloud-init[712]: |.    . E. ..o    |
[   21.361817] cloud-init[712]: +----[SHA256]-----+
         Starting Login Service...
[[0;32m  OK  [0m] Started Regular background program processing daemon.
[[0;32m  OK  [0m] Started Deferred execution scheduler.
         Starting Accounts Service...
[[0;32m  OK  [0m] Started D-Bus System Message Bus.
[[0;32m  OK  [0m] Started Login Service.
[[0;32m  OK  [0m] Started Unattended Upgrades Shutdown.
         Starting System Logging Service...
         Starting Snap Daemon...
         Starting Dispatcher daemon for systemd-networkd...
         Starting Pollinate to seed the pseudo random number generator...
         Starting Permit User Sessions...
[[0;32m  OK  [0m] Started System Logging Service.
[[0;32m  OK  [0m] Started LXD - container startup/shutdown.
[[0;32m  OK  [0m] Started Dispatcher daemon for systemd-networkd.
[[0;32m  OK  [0m] Started Permit User Sessions.
         Starting Hold until boot process finishes up...
         Starting Terminate Plymouth Boot Screen...
         Starting Authorization Manager...
[[0;32m  OK  [0m] Started Hold until boot process finishes up.
[[0;32m  OK  [0m] Started Terminate Plymouth Boot Screen.
[[0;32m  OK  [0m] Started Serial Getty on ttyS0.
         Starting Set console scheme...
[[0;32m  OK  [0m] Started Authorization Manager.
[[0;32m  OK  [0m] Started Accounts Service.
[[0;32m  OK  [0m] Started Set console scheme.
[[0;32m  OK  [0m] Started LSB: automatic crash report generation.
[[0;32m  OK  [0m] Created slice system-getty.slice.
[[0;32m  OK  [0m] Started Getty on tty1.
[[0;32m  OK  [0m] Reached target Login Prompts.
[[0;32m  OK  [0m] Started Virtualbox guest utils.
[[0;32m  OK  [0m] Started LSB: Record successful boot for GRUB.
[[0;32m  OK  [0m] Started Snap Daemon.
         Starting Wait until snapd is fully seeded...
         Starting Time & Date Service...
[[0;32m  OK  [0m] Started Time & Date Service.
[[0;32m  OK  [0m] Started Pollinate to seed the pseudo random number generator.
         Starting OpenBSD Secure Shell server...
[[0;32m  OK  [0m] Started OpenBSD Secure Shell server.
[[0;32m  OK  [0m] Started Wait until snapd is fully seeded.
[[0;32m  OK  [0m] Reached target Multi-User System.
[[0;32m  OK  [0m] Reached target Graphical Interface.
         Starting Update UTMP about System Runlevel Changes...
         Starting Apply the settings specified in cloud-config...
[[0;32m  OK  [0m] Started Update UTMP about System Runlevel Changes.
[[0;32m  OK  [0m] Created slice User Slice of vagrant.
         Starting User Manager for UID 1000...
[[0;32m  OK  [0m] Started Session 1 of user vagrant.
[[0;32m  OK  [0m] Started User Manager for UID 1000.
[   27.243535] cloud-init[1375]: Cloud-init v. 21.4-0ubuntu1~18.04.1 running 'modules:config' at Sun, 27 Mar 2022 00:48:48 +0000. Up 26.62 seconds.

Ubuntu 18.04.6 LTS ubuntu-bionic ttyS0

ubuntu-bionic login: ci-info: no authorized SSH keys fingerprints found for user ubuntu.
<14>Mar 27 00:48:50 cloud-init: #############################################################
<14>Mar 27 00:48:50 cloud-init: -----BEGIN SSH HOST KEY FINGERPRINTS-----
<14>Mar 27 00:48:50 cloud-init: 1024 SHA256:5cqFpMQWmktHLcbEw/0AI5rImvCfQcDzkwaXr31emJU root@ubuntu-bionic (DSA)
<14>Mar 27 00:48:50 cloud-init: 256 SHA256:Kyl4F/VtbvrLXVb0yABk+MFvxuINhqD0aQEDA8IGxyU root@ubuntu-bionic (ECDSA)
<14>Mar 27 00:48:50 cloud-init: 256 SHA256:w6hnfNjTXLupVAHl1upgpNCNpUCZySB/joeyStU+3ss root@ubuntu-bionic (ED25519)
<14>Mar 27 00:48:50 cloud-init: 2048 SHA256:qheKIEs9RtYjHYWmAQX+/PipzCfA1VmBxLfbz/aQxGs root@ubuntu-bionic (RSA)
<14>Mar 27 00:48:50 cloud-init: -----END SSH HOST KEY FINGERPRINTS-----
<14>Mar 27 00:48:50 cloud-init: #############################################################
-----BEGIN SSH HOST KEY KEYS-----
ecdsa-sha2-nistp256 AAAAE2VjZHNhLXNoYTItbmlzdHAyNTYAAAAIbmlzdHAyNTYAAABBBFfIzX2GdhRXMReK9xnyUde+49d641NUSLaOYL+uU2LE4f5APNP/xQqsgbAzqCs+Fj3wy+I3EpPiEiZZXt8nL6c= root@ubuntu-bionic
ssh-ed25519 AAAAC3NzaC1lZDI1NTE5AAAAICKQEApM6RWJx8n6yrP4Abfx9YOz2ke8sd+zedfkxF8p root@ubuntu-bionic
ssh-rsa AAAAB3NzaC1yc2EAAAADAQABAAABAQDLEVIBvSiWtm0+ij1ByggYFtFqmQuEmCT/He+nGdOidr6btJ9r5nYck451GbecpwGlktzVrWEBdhcnQAB5JLPJ4BPvjgiDaQHislrAmahnLTlAugPw2WHjH9tRbZbYUX7rnovnv8mrFW3NhWlaQYyU+qa/WXehaGSOvJsWqmFfr3rIaZXHL68LfJhNCQho3ZrboA0il/2mFOQZvp6U2xAci/SFhDuGY+wyH8ELnWW2gXkaPEZIr1QzGodRdfflQldfGx1+9SG9FdkfXgx4E9UO92s/T1B1m3BFOt15iURZB59LX2UfacQNUdFdn8ooLlOBb1wpIqN4udpHSvlmfLIb root@ubuntu-bionic
-----END SSH HOST KEY KEYS-----
[   28.498871] cloud-init[1488]: Cloud-init v. 21.4-0ubuntu1~18.04.1 running 'modules:final' at Sun, 27 Mar 2022 00:48:49 +0000. Up 27.59 seconds.
[   28.498923] cloud-init[1488]: ci-info: no authorized SSH keys fingerprints found for user ubuntu.
[   28.498949] cloud-init[1488]: Cloud-init v. 21.4-0ubuntu1~18.04.1 finished at Sun, 27 Mar 2022 00:48:50 +0000. Datasource DataSourceNoCloud [seed=/dev/sdb][dsmode=net].  Up 28.49 seconds
         Stopping Availability of block devices...
[[0;32m  OK  [0m] Stopped target Timers.
         Stopping Session 6 of user vagrant.
[[0;32m  OK  [0m] Stopped Daily Cleanup of Temporary Directories.
[[0;32m  OK  [0m] Stopped target Graphical Interface.
         Stopping User Manager for UID 1000...
[[0;32m  OK  [0m] Stopped Daily apt upgrade and clean activities.
[[0;32m  OK  [0m] Stopped Daily apt download activities.
[[0;32m  OK  [0m] Stopped target Cloud-init target.
[[0;32m  OK  [0m] Stopped target Host and Network Name Lookups.
         Stopping Network Name Resolution...
         Stopping Accounts Service...
[[0;32m  OK  [0m] Stopped Ubuntu Advantage Timer for running repeated jobs.
[[0;32m  OK  [0m] Stopped Execute cloud user/final scripts.
[[0;32m  OK  [0m] Stopped Apply the settings specified in cloud-config.
[[0;32m  OK  [0m] Stopped target Cloud-config availability.
[[0;32m  OK  [0m] Sto         Stopping LXD - container startup/shutdown...
         Stopping Deferred execution scheduler...
         Stopping System Logging Service...
         Stopping Dispatcher daemon for systemd-networkd...
         Stopping FUSE filesystem for LXC...
         Stopping Regular background program processing daemon...
         Stopping irqbalance daemon...
[[0;32m  OK  [0m] Unmounted /var/lib/lxcfs.
[[0;32m  OK  [0m] Stopped Network Name Resolution.
[[0;32m  OK  [0m] Stopped irqbalance daemon.
[[0;32m  OK  [0m] Stopped Regular background program processing daemon.
[[0;32m  OK  [0m] Stopped Deferred execution scheduler.
[[0;32m  OK  [0m] Stopped Accounts Service.
[[0;32m  OK  [0m] Stopped Dispatcher daemon for systemd-networkd.
[[0;32m  OK  [0m] Stopped Authorization Manager.
[[0;32m  OK  [0m] Stopped Serial Getty on ttyS0.
[[0;32m  OK  [0m] Stopped Getty on tty1.
[[0;32m  OK  [0m] Stopped System Logging Service.
[[0;32m  OK  [0m] Stopped OpenBSD Secure Shell server.
[[0;32m  OK  [0m] Stopped User Manager for UID 1000.
[[0;32m  OK  [0m] Stopped Availability of block devices.
[[0;32m  OK  [0m] Stopped D-Bus System Message Bus.
[[0;32m  OK  [0m] Stopped FUSE filesystem for LXC.
[[0;32m  OK  [0m] Stopped Session 6 of user vagrant.
[[0;32m  OK  [0m] Removed slice User Slice of vagrant.
         Stopping Login Service...
[[0;32m  OK  [0m] Removed slice system-getty.slice.
[[0;32m  OK  [0m] Removed slice system-serial\x2dgetty.slice.
         Stopping Permit User Sessions...
[[0;32m  OK  [0m] Stopped LXD - container startup/shutdown.
[[0;32m  OK  [0m] Stopped Permit User Sessions.
[[0;32m  OK  [0m] Stopped LSB: Record successful boot for GRUB.
[[0;32m  OK  [0m] Stopped Virtualbox guest utils.
[[0;32m  OK  [0m] Stopped LSB: automatic crash report generation.
[[0;32m  OK  [0m] Stopped target Remote File Systems.
[[0;32m  OK  [0m] Stopped Login Service.
[[0;32m  OK  [0m] Stopped target User and Group Name Lookups.
[[0;32m  OK  [0m] Stopped target Basic System.
[[0;32m  OK  [0m] Stopped target Sockets.
[[0;32m  OK  [0m] Closed Syslog Socket.
[[0;32m  OK  [0m] Closed LXD - unix socket.
[[0;32m  OK  [0m] Closed ACPID Listen Socket.
[[0;32m  OK  [0m] Closed cloud-init hotplug hook socket.
[[0;32m  OK  [0m] Closed D-Bus System Message Bus Socket.
[[0;32m  OK  [0m] Closed Open-iSCSI iscsid Socket.
[[0;32m  OK  [0m] Closed UUID daemon activation socket.
[[0;32m  OK  [0m] Closed Socket activation for snappy daemon.
[[0;32m  OK  [0m] Stopped target Paths.
[[0;32m  OK  [0m] Stopped ACPI Events Check.
[[0;32m  OK  [0m] Stopped Trigger to poll for Ubuntu …(Only enabled on GCP LTS non-pro).
[[0;32m  OK  [0m] Stopped target Slices.
[[0;32m  OK  [0m] Removed slice User and Session Slice.
[[0;32m  OK  [0m] Stopped target System Initialization.
         Stopping Update UTMP about System Boot/Shutdown...
[[0;32m  OK  [0m] Stopped target Local Encrypted Volumes.
[[0;32m  OK  [0m] Stopped Dispatch Password Requests to Console Directory Watch.
[[0;32m  OK  [0m] Stopped Forward Password Requests to Wall Directory Watch.
         Stopping Load/Save Random Seed...
[[0;32m  OK  [0m] Stopped Commit a transient machine-id on disk.
[[0;32m  OK  [0m] Stopped Load/Save Random Seed.
[[0;32m  OK  [0m] Stopped Update UTMP about System Boot/Shutdown.
[[0;32m  OK  [0m] Stopped Create Volatile Files and Directories.
[[0;32m  OK  [0m] Stopped target Local File Systems.
         Unmounting /run/user/1000...
         Unmounting /vagrant...
[[0;32m  OK  [0m] Unmounted /run/user/1000.
[[0;32m  OK  [0m] Unmounted /vagrant.
[[0;32m  OK  [0m] Stopped target Network is Online.
[[0;32m  OK  [0m] Stopped Initial cloud-init job (metadata service crawler).
[[0;32m  OK  [0m] Stopped Wait for Network to be Configured.
         Stopping Network Service...
[[0;32m  OK  [0m] Stopped target Remote File Systems (Pre).
[[0;32m  OK  [0m] Reached target Unmount All Filesystems.
[[0;32m  OK  [0m] Stopped target Swap.
[[0;32m  OK  [0m] Stopped target Local File Systems (Pre).
         Stopping Monitoring of LVM2 mirrors…ng dmeventd or progress polling...
[[0;32m  OK  [0m] Stopped Create Static Device Nodes in /dev.
[[0;32m  OK  [0m] Stopped Monitoring of LVM2 mirrors,…sing dmeventd or progress polling.
         Stopping LVM2 metadata daemon...
[[0;32m  OK  [0m] Stopped LVM2 metadata daemon.
[[0;32m  OK  [0m] Stopped Network Service.
[[0;32m  OK  [0m] Stopped target Network (Pre).
[[0;32m  OK  [0m] Stopped Initial cloud-init job (pre-networking).
[[0;32m  OK  [0m] Stopped Remount Root and Kernel File Systems.
[[0;32m  OK  [0m] Stopped Apply Kernel Variables.
[[0;32m  OK  [0m] Stopped Load Kernel Modules.
[[0;32m  OK  [0m] Reached target Shutdown.
[[0;32m  OK  [0m] Reached target Final Step.
         Starting Power-Off...
[  971.832585] reboot: Power down
